INFO	?	main	2016-11-08T09:59:29.194Z	org.javacs.JavaLanguageServer#buildClassPath	Emit classpath to C:\Users\ADMINI~1\AppData\Local\Temp\classpath1927462200383365867.txt
SEVERE	?	main	2016-11-08T09:59:30.805Z	org.javacs.Main$4#onError	`D:\Program Files (x86)\apache-maven-3.1.0\bin\mvn.bat dependency:build-classpath -Dmdep.outputFile=C:\Users\ADMINI~1\AppData\Local\Temp\classpath1927462200383365867.txt` returned 1
java.lang.RuntimeException: `D:\Program Files (x86)\apache-maven-3.1.0\bin\mvn.bat dependency:build-classpath -Dmdep.outputFile=C:\Users\ADMINI~1\AppData\Local\Temp\classpath1927462200383365867.txt` returned 1
	at org.javacs.JavaLanguageServer.buildClassPath(JavaLanguageServer.java:589)
	at org.javacs.JavaLanguageServer.readIfConfig(JavaLanguageServer.java:556)
	at org.javacs.JavaLanguageServer.doFindConfig(JavaLanguageServer.java:525)
	at java.util.HashMap.computeIfAbsent(HashMap.java:1118)
	at org.javacs.JavaLanguageServer.findConfig(JavaLanguageServer.java:517)
	at org.javacs.JavaLanguageServer.findCompiler(JavaLanguageServer.java:477)
	at org.javacs.JavaLanguageServer.findTree(JavaLanguageServer.java:809)
	at org.javacs.JavaLanguageServer.lambda$doHover$34(JavaLanguageServer.java:983)
	at java.util.Optional.ifPresent(Optional.java:159)
	at org.javacs.JavaLanguageServer.doHover(JavaLanguageServer.java:982)
	at org.javacs.JavaLanguageServer.access$000(JavaLanguageServer.java:31)
	at org.javacs.JavaLanguageServer$1.hover(JavaLanguageServer.java:118)
	at io.typefox.lsapi.services.transport.server.LanguageServerEndpoint._doAccept(LanguageServerEndpoint.xtend:130)
	at io.typefox.lsapi.services.transport.server.LanguageServerEndpoint.doAccept(LanguageServerEndpoint.xtend:117)
	at io.typefox.lsapi.services.transport.server.LanguageServerEndpoint.accept(LanguageServerEndpoint.xtend:114)
	at io.typefox.lsapi.services.transport.server.LanguageServerEndpoint.accept(LanguageServerEndpoint.xtend)
	at io.typefox.lsapi.services.transport.AbstractLanguageEndpoint.handleMessage(LanguageEndpoint.xtend:67)
	at io.typefox.lsapi.services.transport.AbstractLanguageEndpoint.lambda$connect$4(LanguageEndpoint.xtend:61)
	at io.typefox.lsapi.services.json.StreamMessageReader$1.apply(StreamMessageReader.java:46)
	at io.typefox.lsapi.services.json.StreamMessageReader$1.apply(StreamMessageReader.java:44)
	at io.typefox.lsapi.services.json.StreamMessageReader.handleMessage(StreamMessageReader.xtend:128)
	at io.typefox.lsapi.services.json.StreamMessageReader.listen(StreamMessageReader.xtend:61)
	at io.typefox.lsapi.services.transport.AbstractLanguageEndpoint.connect(LanguageEndpoint.xtend:60)
	at org.javacs.Main.run(Main.java:150)
	at org.javacs.Main.main(Main.java:69)

INFO	?	main	2016-11-08T09:59:30.811Z	org.javacs.JavaLanguageServer#buildClassPath	Emit classpath to C:\Users\ADMINI~1\AppData\Local\Temp\classpath8322674087705070937.txt
SEVERE	?	main	2016-11-08T09:59:32.658Z	org.javacs.Main$4#onError	`D:\Program Files (x86)\apache-maven-3.1.0\bin\mvn.bat dependency:build-classpath -Dmdep.outputFile=C:\Users\ADMINI~1\AppData\Local\Temp\classpath8322674087705070937.txt` returned 1
java.lang.RuntimeException: `D:\Program Files (x86)\apache-maven-3.1.0\bin\mvn.bat dependency:build-classpath -Dmdep.outputFile=C:\Users\ADMINI~1\AppData\Local\Temp\classpath8322674087705070937.txt` returned 1
	at org.javacs.JavaLanguageServer.buildClassPath(JavaLanguageServer.java:589)
	at org.javacs.JavaLanguageServer.readIfConfig(JavaLanguageServer.java:556)
	at org.javacs.JavaLanguageServer.doFindConfig(JavaLanguageServer.java:525)
	at java.util.HashMap.computeIfAbsent(HashMap.java:1118)
	at org.javacs.JavaLanguageServer.findConfig(JavaLanguageServer.java:517)
	at org.javacs.JavaLanguageServer.findCompiler(JavaLanguageServer.java:477)
	at org.javacs.JavaLanguageServer.findTree(JavaLanguageServer.java:809)
	at org.javacs.JavaLanguageServer.lambda$gotoDefinition$32(JavaLanguageServer.java:846)
	at java.util.Optional.ifPresent(Optional.java:159)
	at org.javacs.JavaLanguageServer.gotoDefinition(JavaLanguageServer.java:845)
	at org.javacs.JavaLanguageServer$1.definition(JavaLanguageServer.java:128)
	at io.typefox.lsapi.services.transport.server.LanguageServerEndpoint._doAccept(LanguageServerEndpoint.xtend:134)
	at io.typefox.lsapi.services.transport.server.LanguageServerEndpoint.doAccept(LanguageServerEndpoint.xtend:117)
	at io.typefox.lsapi.services.transport.server.LanguageServerEndpoint.accept(LanguageServerEndpoint.xtend:114)
	at io.typefox.lsapi.services.transport.server.LanguageServerEndpoint.accept(LanguageServerEndpoint.xtend)
	at io.typefox.lsapi.services.transport.AbstractLanguageEndpoint.handleMessage(LanguageEndpoint.xtend:67)
	at io.typefox.lsapi.services.transport.AbstractLanguageEndpoint.lambda$connect$4(LanguageEndpoint.xtend:61)
	at io.typefox.lsapi.services.json.StreamMessageReader$1.apply(StreamMessageReader.java:46)
	at io.typefox.lsapi.services.json.StreamMessageReader$1.apply(StreamMessageReader.java:44)
	at io.typefox.lsapi.services.json.StreamMessageReader.handleMessage(StreamMessageReader.xtend:128)
	at io.typefox.lsapi.services.json.StreamMessageReader.listen(StreamMessageReader.xtend:61)
	at io.typefox.lsapi.services.transport.AbstractLanguageEndpoint.connect(LanguageEndpoint.xtend:60)
	at org.javacs.Main.run(Main.java:150)
	at org.javacs.Main.main(Main.java:69)

INFO	?	main	2016-11-08T09:59:32.663Z	org.javacs.JavaLanguageServer#buildClassPath	Emit classpath to C:\Users\ADMINI~1\AppData\Local\Temp\classpath3579194290308038514.txt
SEVERE	?	main	2016-11-08T09:59:34.312Z	org.javacs.Main$4#onError	`D:\Program Files (x86)\apache-maven-3.1.0\bin\mvn.bat dependency:build-classpath -Dmdep.outputFile=C:\Users\ADMINI~1\AppData\Local\Temp\classpath3579194290308038514.txt` returned 1
java.lang.RuntimeException: `D:\Program Files (x86)\apache-maven-3.1.0\bin\mvn.bat dependency:build-classpath -Dmdep.outputFile=C:\Users\ADMINI~1\AppData\Local\Temp\classpath3579194290308038514.txt` returned 1
	at org.javacs.JavaLanguageServer.buildClassPath(JavaLanguageServer.java:589)
	at org.javacs.JavaLanguageServer.readIfConfig(JavaLanguageServer.java:556)
	at org.javacs.JavaLanguageServer.doFindConfig(JavaLanguageServer.java:525)
	at java.util.HashMap.computeIfAbsent(HashMap.java:1118)
	at org.javacs.JavaLanguageServer.findConfig(JavaLanguageServer.java:517)
	at org.javacs.JavaLanguageServer.findCompiler(JavaLanguageServer.java:477)
	at org.javacs.JavaLanguageServer.findTree(JavaLanguageServer.java:809)
	at org.javacs.JavaLanguageServer.lambda$doHover$34(JavaLanguageServer.java:983)
	at java.util.Optional.ifPresent(Optional.java:159)
	at org.javacs.JavaLanguageServer.doHover(JavaLanguageServer.java:982)
	at org.javacs.JavaLanguageServer.access$000(JavaLanguageServer.java:31)
	at org.javacs.JavaLanguageServer$1.hover(JavaLanguageServer.java:118)
	at io.typefox.lsapi.services.transport.server.LanguageServerEndpoint._doAccept(LanguageServerEndpoint.xtend:130)
	at io.typefox.lsapi.services.transport.server.LanguageServerEndpoint.doAccept(LanguageServerEndpoint.xtend:117)
	at io.typefox.lsapi.services.transport.server.LanguageServerEndpoint.accept(LanguageServerEndpoint.xtend:114)
	at io.typefox.lsapi.services.transport.server.LanguageServerEndpoint.accept(LanguageServerEndpoint.xtend)
	at io.typefox.lsapi.services.transport.AbstractLanguageEndpoint.handleMessage(LanguageEndpoint.xtend:67)
	at io.typefox.lsapi.services.transport.AbstractLanguageEndpoint.lambda$connect$4(LanguageEndpoint.xtend:61)
	at io.typefox.lsapi.services.json.StreamMessageReader$1.apply(StreamMessageReader.java:46)
	at io.typefox.lsapi.services.json.StreamMessageReader$1.apply(StreamMessageReader.java:44)
	at io.typefox.lsapi.services.json.StreamMessageReader.handleMessage(StreamMessageReader.xtend:128)
	at io.typefox.lsapi.services.json.StreamMessageReader.listen(StreamMessageReader.xtend:61)
	at io.typefox.lsapi.services.transport.AbstractLanguageEndpoint.connect(LanguageEndpoint.xtend:60)
	at org.javacs.Main.run(Main.java:150)
	at org.javacs.Main.main(Main.java:69)

INFO	?	main	2016-11-08T10:00:36.231Z	org.javacs.JavaLanguageServer#buildClassPath	Emit classpath to C:\Users\ADMINI~1\AppData\Local\Temp\classpath7142165789557061007.txt
SEVERE	?	main	2016-11-08T10:00:37.646Z	org.javacs.Main$4#onError	`D:\Program Files (x86)\apache-maven-3.1.0\bin\mvn.bat dependency:build-classpath -Dmdep.outputFile=C:\Users\ADMINI~1\AppData\Local\Temp\classpath7142165789557061007.txt` returned 1
java.lang.RuntimeException: `D:\Program Files (x86)\apache-maven-3.1.0\bin\mvn.bat dependency:build-classpath -Dmdep.outputFile=C:\Users\ADMINI~1\AppData\Local\Temp\classpath7142165789557061007.txt` returned 1
	at org.javacs.JavaLanguageServer.buildClassPath(JavaLanguageServer.java:589)
	at org.javacs.JavaLanguageServer.readIfConfig(JavaLanguageServer.java:556)
	at org.javacs.JavaLanguageServer.doFindConfig(JavaLanguageServer.java:525)
	at java.util.HashMap.computeIfAbsent(HashMap.java:1118)
	at org.javacs.JavaLanguageServer.findConfig(JavaLanguageServer.java:517)
	at org.javacs.JavaLanguageServer.findCompiler(JavaLanguageServer.java:477)
	at org.javacs.JavaLanguageServer.findTree(JavaLanguageServer.java:809)
	at org.javacs.JavaLanguageServer.lambda$doHover$34(JavaLanguageServer.java:983)
	at java.util.Optional.ifPresent(Optional.java:159)
	at org.javacs.JavaLanguageServer.doHover(JavaLanguageServer.java:982)
	at org.javacs.JavaLanguageServer.access$000(JavaLanguageServer.java:31)
	at org.javacs.JavaLanguageServer$1.hover(JavaLanguageServer.java:118)
	at io.typefox.lsapi.services.transport.server.LanguageServerEndpoint._doAccept(LanguageServerEndpoint.xtend:130)
	at io.typefox.lsapi.services.transport.server.LanguageServerEndpoint.doAccept(LanguageServerEndpoint.xtend:117)
	at io.typefox.lsapi.services.transport.server.LanguageServerEndpoint.accept(LanguageServerEndpoint.xtend:114)
	at io.typefox.lsapi.services.transport.server.LanguageServerEndpoint.accept(LanguageServerEndpoint.xtend)
	at io.typefox.lsapi.services.transport.AbstractLanguageEndpoint.handleMessage(LanguageEndpoint.xtend:67)
	at io.typefox.lsapi.services.transport.AbstractLanguageEndpoint.lambda$connect$4(LanguageEndpoint.xtend:61)
	at io.typefox.lsapi.services.json.StreamMessageReader$1.apply(StreamMessageReader.java:46)
	at io.typefox.lsapi.services.json.StreamMessageReader$1.apply(StreamMessageReader.java:44)
	at io.typefox.lsapi.services.json.StreamMessageReader.handleMessage(StreamMessageReader.xtend:128)
	at io.typefox.lsapi.services.json.StreamMessageReader.listen(StreamMessageReader.xtend:61)
	at io.typefox.lsapi.services.transport.AbstractLanguageEndpoint.connect(LanguageEndpoint.xtend:60)
	at org.javacs.Main.run(Main.java:150)
	at org.javacs.Main.main(Main.java:69)

